<?xml version="1.0" encoding="UTF-8"?>
<testsuite name="BankingSystem" tests="1" skipped="0" failures="0" errors="0" timestamp="2020-10-21T15:41:04" hostname="ALCIALAPTOP" time="0.571">
  <properties/>
  <testcase name="start" classname="BankingSystem" time="0.571"/>
  <system-out><![CDATA[?[1;31m
Start test 1?[0m
Connection is valid.
1. Create an account
2. Log into account
0. Exit
> 0

Bye!
?[1;31m
Start test 2?[0m
Connection is valid.
1. Create an account
2. Log into account
0. Exit
> 0

Bye!
?[1;31m
Start test 3?[0m
Connection is valid.
1. Create an account
2. Log into account
0. Exit
> 0

Bye!
?[1;31m
Start test 4?[0m
Connection is valid.
1. Create an account
2. Log into account
0. Exit
> 0

Bye!
?[1;31m
Start test 5?[0m
Connection is valid.
1. Create an account
2. Log into account
0. Exit
> 1

Your card has been created
Your card number:
4000004810607733
Your card PIN:
3945

1. Create an account
2. Log into account
0. Exit
> 1

Your card has been created
Your card number:
4000006486740649
Your card PIN:
7099

1. Create an account
2. Log into account
0. Exit
> 1

Your card has been created
Your card number:
4000006262680050
Your card PIN:
3773

1. Create an account
2. Log into account
0. Exit
> 1

Your card has been created
Your card number:
4000001467988929
Your card PIN:
0561

1. Create an account
2. Log into account
0. Exit
> 1

Your card has been created
Your card number:
4000005427691382
Your card PIN:
9591

1. Create an account
2. Log into account
0. Exit
> 0

Bye!
4000004810607733
4000006486740649
4000006262680050
4000001467988929
4000005427691382
?[1;31m
Start test 6?[0m
Connection is valid.
1. Create an account
2. Log into account
0. Exit
> 1

Your card has been created
Your card number:
4000004737571905
Your card PIN:
2251

1. Create an account
2. Log into account
0. Exit
> 2

Enter your card number:
> 4000004737571905
Enter your PIN:
> 2251

You have successfully logged in!

1. Balance
2. Add Income
3. Do transfer
4. Close Account
5. Log out
0. Exit
> 0
?[1;31m
Start test 7?[0m
Connection is valid.
1. Create an account
2. Log into account
0. Exit
> 1

Your card has been created
Your card number:
4000009946463588
Your card PIN:
9090

1. Create an account
2. Log into account
0. Exit
> 2

Enter your card number:
> 4000009946463588
Enter your PIN:
> 9537

Wrong card number or PIN!

1. Create an account
2. Log into account
0. Exit
> 0

Bye!
?[1;31m
Start test 8?[0m
Connection is valid.
1. Create an account
2. Log into account
0. Exit
> 1

Your card has been created
Your card number:
4000001328450788
Your card PIN:
9901

1. Create an account
2. Log into account
0. Exit
> 2

Enter your card number:
> 400000615473560
Enter your PIN:
> 9901

Wrong card number or PIN!

1. Create an account
2. Log into account
0. Exit
> 0

Bye!
?[1;31m
Start test 9?[0m
Connection is valid.
1. Create an account
2. Log into account
0. Exit
> 1

Your card has been created
Your card number:
4000003519172692
Your card PIN:
1930

1. Create an account
2. Log into account
0. Exit
> 2

Enter your card number:
> 4000003519172692
Enter your PIN:
> 1930

You have successfully logged in!

1. Balance
2. Add Income
3. Do transfer
4. Close Account
5. Log out
0. Exit
> 1

Balance: 0

1. Balance
2. Add Income
3. Do transfer
4. Close Account
5. Log out
0. Exit
> 0
?[1;31m
Start test 10?[0m
Connection is valid.
1. Create an account
2. Log into account
0. Exit
> 1

Your card has been created
Your card number:
4000008665313891
Your card PIN:
3748

1. Create an account
2. Log into account
0. Exit
> 2

Enter your card number:
> 4000008665313891
Enter your PIN:
> 3748

You have successfully logged in!

1. Balance
2. Add Income
3. Do transfer
4. Close Account
5. Log out
0. Exit
> 2

Enter Income: 
> 10000
Income was added!

1. Balance
2. Add Income
3. Do transfer
4. Close Account
5. Log out
0. Exit
> 0
Connection is valid.
1. Create an account
2. Log into account
0. Exit
> 2

Enter your card number:
> 4000008665313891
Enter your PIN:
> 3748

You have successfully logged in!

1. Balance
2. Add Income
3. Do transfer
4. Close Account
5. Log out
0. Exit
> 2

Enter Income: 
> 15000
Income was added!

1. Balance
2. Add Income
3. Do transfer
4. Close Account
5. Log out
0. Exit
> 0
?[1;31m
Start test 11?[0m
Connection is valid.
1. Create an account
2. Log into account
0. Exit
> 1

Your card has been created
Your card number:
4000005530042507
Your card PIN:
2868

1. Create an account
2. Log into account
0. Exit
> 1

Your card has been created
Your card number:
4000005394526827
Your card PIN:
6285

1. Create an account
2. Log into account
0. Exit
> 2

Enter your card number:
> 4000005394526827
Enter your PIN:
> 6285

You have successfully logged in!

1. Balance
2. Add Income
3. Do transfer
4. Close Account
5. Log out
0. Exit
> 3

Enter card number:
> 2000007269641764
Probably you made mistake in the card number. Please try again!

1. Balance
2. Add Income
3. Do transfer
4. Close Account
5. Log out
0. Exit
> 3

Enter card number:
> 2000007269641768
Such a card does not exist.

1. Balance
2. Add Income
3. Do transfer
4. Close Account
5. Log out
0. Exit
> 3

Enter card number:
> 4000005530042507
Enter how much money you want to transfer:
> 100000
Not enough money!

1. Balance
2. Add Income
3. Do transfer
4. Close Account
5. Log out
0. Exit
> 2

Enter Income: 
> 20000
Income was added!

1. Balance
2. Add Income
3. Do transfer
4. Close Account
5. Log out
0. Exit
> 3

Enter card number:
> 4000005530042507
Enter how much money you want to transfer:
> 10000
Success!

1. Balance
2. Add Income
3. Do transfer
4. Close Account
5. Log out
0. Exit
> 0
?[1;31m
Start test 12?[0m
Connection is valid.
1. Create an account
2. Log into account
0. Exit
> 1

Your card has been created
Your card number:
4000007543692286
Your card PIN:
4052

1. Create an account
2. Log into account
0. Exit
> 2

Enter your card number:
> 4000007543692286
Enter your PIN:
> 4052

You have successfully logged in!

1. Balance
2. Add Income
3. Do transfer
4. Close Account
5. Log out
0. Exit
> 4

The account has been closed!

1. Create an account
2. Log into account
0. Exit
> 0

Bye!
]]></system-out>
  <system-err><![CDATA[]]></system-err>
</testsuite>
